#
# There is insufficient memory for the Java Runtime Environment to continue.
# Native memory allocation (mmap) failed to map 90177536 bytes for G1 virtual space
# Possible reasons:
#   The system is out of physical RAM or swap space
#   The process is running with CompressedOops enabled, and the Java Heap may be blocking the growth of the native heap
# Possible solutions:
#   Reduce memory load on the system
#   Increase physical memory or swap space
#   Check if swap backing store is full
#   Decrease Java heap size (-Xmx/-Xms)
#   Decrease number of Java threads
#   Decrease Java thread stack sizes (-Xss)
#   Set larger code cache with -XX:ReservedCodeCacheSize=
#   JVM is running with Unscaled Compressed Oops mode in which the Java heap is
#     placed in the first 4GB address space. The Java Heap base address is the
#     maximum limit for the native heap growth. Please use -XX:HeapBaseMinAddress
#     to set the Java Heap base and to place the Java Heap above 4GB virtual address.
# This output file may be truncated or incomplete.
#
#  Out of Memory Error (os_windows.cpp:3536), pid=9184, tid=28576
#
# JRE version: Java(TM) SE Runtime Environment (19.0.2+7) (build 19.0.2+7-44)
# Java VM: Java HotSpot(TM) 64-Bit Server VM (19.0.2+7-44, mixed mode, emulated-client, sharing, tiered, compressed oops, compressed class ptrs, g1 gc, windows-amd64)
# No core dump will be written. Minidumps are not enabled by default on client versions of Windows
#

---------------  S U M M A R Y ------------

Command Line: -XX:TieredStopAtLevel=1 com.retail_management.RetailManagementSystemApplication

Host: Intel(R) Core(TM) i5-10210U CPU @ 1.60GHz, 8 cores, 7G,  Windows 11 , 64 bit Build 22621 (10.0.22621.5415)
Time: Tue Aug 19 18:22:18 2025 India Standard Time elapsed time: 19.612859 seconds (0d 0h 0m 19s)

---------------  T H R E A D  ---------------

Current thread (0x000002507fc7e970):  VMThread "VM Thread" [stack: 0x000000d5cb900000,0x000000d5cba00000] [id=28576]

Stack: [0x000000d5cb900000,0x000000d5cba00000]
Native frames: (J=compiled Java code, j=interpreted, Vv=VM code, C=native code)
V  [jvm.dll+0x6ee21a]
V  [jvm.dll+0x85765e]
V  [jvm.dll+0x85904e]
V  [jvm.dll+0x859703]
V  [jvm.dll+0x28298f]
V  [jvm.dll+0x6eb009]
V  [jvm.dll+0x6dfbaa]
V  [jvm.dll+0x3573f6]
V  [jvm.dll+0x35ee56]
V  [jvm.dll+0x3b541e]
V  [jvm.dll+0x3b564f]
V  [jvm.dll+0x32c9ea]
V  [jvm.dll+0x32ca97]
V  [jvm.dll+0x374cd2]
V  [jvm.dll+0x37340f]
V  [jvm.dll+0x32c210]
V  [jvm.dll+0x3729ab]
V  [jvm.dll+0x85ebc3]
V  [jvm.dll+0x85f989]
V  [jvm.dll+0x85febd]
V  [jvm.dll+0x86034b]
V  [jvm.dll+0x860407]
V  [jvm.dll+0x80125a]
V  [jvm.dll+0x6ecf0b]
C  [ucrtbase.dll+0x29333]
C  [KERNEL32.DLL+0x1259d]
C  [ntdll.dll+0x5af78]

VM_Operation (0x000000d5cb3f72a0): G1CollectForAllocation, mode: safepoint, requested by thread 0x0000025073585ea0


---------------  P R O C E S S  ---------------

Threads class SMR info:
_java_thread_list=0x000002500b905150, length=19, elements={
0x0000025073585ea0, 0x000002507fc96180, 0x000002507fc96f70, 0x000002507fc9b5f0,
0x000002507fc9c1e0, 0x000002507fc9e340, 0x000002507fc9f490, 0x000002507fca29f0,
0x000002507fca7870, 0x000002500a0eb2a0, 0x000002500a100ad0, 0x000002500a106940,
0x000002500a80f120, 0x000002500aa60220, 0x000002500a5c7040, 0x000002500b31c6f0,
0x000002500b31cc30, 0x000002500b43b0f0, 0x000002500b620050
}

Java Threads: ( => current thread )
  0x0000025073585ea0 JavaThread "main" [_thread_blocked, id=26764, stack(0x000000d5cb300000,0x000000d5cb400000)]
  0x000002507fc96180 JavaThread "Reference Handler" daemon [_thread_blocked, id=45120, stack(0x000000d5cba00000,0x000000d5cbb00000)]
  0x000002507fc96f70 JavaThread "Finalizer" daemon [_thread_blocked, id=29380, stack(0x000000d5cbb00000,0x000000d5cbc00000)]
  0x000002507fc9b5f0 JavaThread "Signal Dispatcher" daemon [_thread_blocked, id=20536, stack(0x000000d5cbc00000,0x000000d5cbd00000)]
  0x000002507fc9c1e0 JavaThread "Attach Listener" daemon [_thread_blocked, id=43740, stack(0x000000d5cbd00000,0x000000d5cbe00000)]
  0x000002507fc9e340 JavaThread "Service Thread" daemon [_thread_blocked, id=39584, stack(0x000000d5cbe00000,0x000000d5cbf00000)]
  0x000002507fc9f490 JavaThread "Monitor Deflation Thread" daemon [_thread_blocked, id=37068, stack(0x000000d5cbf00000,0x000000d5cc000000)]
  0x000002507fca29f0 JavaThread "C1 CompilerThread0" daemon [_thread_blocked, id=41456, stack(0x000000d5cc000000,0x000000d5cc100000)]
  0x000002507fca7870 JavaThread "Sweeper thread" daemon [_thread_blocked, id=21392, stack(0x000000d5cc100000,0x000000d5cc200000)]
  0x000002500a0eb2a0 JavaThread "C1 CompilerThread1" daemon [_thread_blocked, id=1220, stack(0x000000d5cc200000,0x000000d5cc300000)]
  0x000002500a100ad0 JavaThread "Notification Thread" daemon [_thread_blocked, id=11548, stack(0x000000d5cc300000,0x000000d5cc400000)]
  0x000002500a106940 JavaThread "Common-Cleaner" daemon [_thread_blocked, id=44484, stack(0x000000d5cc500000,0x000000d5cc600000)]
  0x000002500a80f120 JavaThread "C1 CompilerThread2" daemon [_thread_blocked, id=23460, stack(0x000000d5cc600000,0x000000d5cc700000)]
  0x000002500aa60220 JavaThread "C1 CompilerThread3" daemon [_thread_blocked, id=30468, stack(0x000000d5ccd00000,0x000000d5cce00000)]
  0x000002500a5c7040 JavaThread "Catalina-utility-1" [_thread_blocked, id=32300, stack(0x000000d5cd000000,0x000000d5cd100000)]
  0x000002500b31c6f0 JavaThread "Catalina-utility-2" [_thread_blocked, id=4228, stack(0x000000d5cd100000,0x000000d5cd200000)]
  0x000002500b31cc30 JavaThread "container-0" [_thread_blocked, id=44544, stack(0x000000d5cd200000,0x000000d5cd300000)]
  0x000002500b43b0f0 JavaThread "mysql-cj-abandoned-connection-cleanup" daemon [_thread_blocked, id=39864, stack(0x000000d5cd300000,0x000000d5cd400000)]
  0x000002500b620050 JavaThread "HikariPool-1:housekeeper" daemon [_thread_blocked, id=2448, stack(0x000000d5cd400000,0x000000d5cd500000)]

Other Threads:
=>0x000002507fc7e970 VMThread "VM Thread" [stack: 0x000000d5cb900000,0x000000d5cba00000] [id=28576]
  0x000002500a104c90 WatcherThread "VM Periodic Task Thread" [stack: 0x000000d5cc400000,0x000000d5cc500000] [id=9784]
  0x00000250735ed900 WorkerThread "GC Thread#0" [stack: 0x000000d5cb400000,0x000000d5cb500000] [id=11980]
  0x000002500a8aad30 WorkerThread "GC Thread#1" [stack: 0x000000d5cc700000,0x000000d5cc800000] [id=27380]
  0x000002500a8cf020 WorkerThread "GC Thread#2" [stack: 0x000000d5cc800000,0x000000d5cc900000] [id=26260]
  0x000002500a923080 WorkerThread "GC Thread#3" [stack: 0x000000d5cc900000,0x000000d5cca00000] [id=18856]
  0x000002500a925c20 WorkerThread "GC Thread#4" [stack: 0x000000d5cca00000,0x000000d5ccb00000] [id=14384]
  0x000002500a9261c0 WorkerThread "GC Thread#5" [stack: 0x000000d5ccb00000,0x000000d5ccc00000] [id=28388]
  0x000002500a925680 WorkerThread "GC Thread#6" [stack: 0x000000d5cce00000,0x000000d5ccf00000] [id=11984]
  0x000002500a926a30 WorkerThread "GC Thread#7" [stack: 0x000000d5ccf00000,0x000000d5cd000000] [id=26252]
  0x00000250735fe4c0 ConcurrentGCThread "G1 Main Marker" [stack: 0x000000d5cb500000,0x000000d5cb600000] [id=33280]
  0x00000250735feef0 WorkerThread "G1 Conc#0" [stack: 0x000000d5cb600000,0x000000d5cb700000] [id=43988]
  0x000002500a925950 WorkerThread "G1 Conc#1" [stack: 0x000000d5ccc00000,0x000000d5ccd00000] [id=40616]
  0x000002507fb39560 ConcurrentGCThread "G1 Refine#0" [stack: 0x000000d5cb700000,0x000000d5cb800000] [id=25096]
  0x000002507fb39fb0 ConcurrentGCThread "G1 Service" [stack: 0x000000d5cb800000,0x000000d5cb900000] [id=37776]

Threads with active compile tasks:

VM state: at safepoint (normal execution)

VM Mutex/Monitor currently owned by a thread:  ([mutex/lock_event])
[0x00000250735831c0] Threads_lock - owner thread: 0x000002507fc7e970
[0x0000025073582560] Heap_lock - owner thread: 0x0000025073585ea0

Heap address: 0x0000000082a00000, size: 2006 MB, Compressed Oops mode: 32-bit

CDS archive(s) mapped at: [0x0000000800000000-0x0000000800c40000-0x0000000800c40000), size 12845056, SharedBaseAddress: 0x0000000800000000, ArchiveRelocationMode: 0.
Compressed class space mapped at: 0x0000000801000000-0x0000000841000000, reserved size: 1073741824
Narrow klass base: 0x0000000800000000, Narrow klass shift: 0, Narrow klass range: 0x100000000

GC Precious Log:
 CardTable entry size: 512
 Card Set container configuration: InlinePtr #cards 5 size 8 Array Of Cards #cards 12 size 40 Howl #buckets 4 coarsen threshold 1843 Howl Bitmap #cards 512 size 80 coarsen threshold 460 Card regions per heap region 1 cards per card region 2048
 CPUs: 8 total, 8 available
 Memory: 8016M
 Large Page Support: Disabled
 NUMA Support: Disabled
 Compressed Oops: Enabled (32-bit)
 Heap Region Size: 1M
 Heap Min Capacity: 8M
 Heap Initial Capacity: 126M
 Heap Max Capacity: 2006M
 Pre-touch: Disabled
 Parallel Workers: 8
 Concurrent Workers: 2
 Concurrent Refinement Workers: 8
 Periodic GC: Disabled

Heap:
 garbage-first heap   total 144384K, used 46963K [0x0000000082a00000, 0x0000000100000000)
  region size 1024K, 6 young (6144K), 6 survivors (6144K)
 Metaspace       used 62426K, committed 63168K, reserved 1114112K
  class space    used 8935K, committed 9280K, reserved 1048576K

Heap Regions: E=young(eden), S=young(survivor), O=old, HS=humongous(starts), HC=humongous(continues), CS=collection set, F=free, OA=open archive, CA=closed archive, TAMS=top-at-mark-start (previous, next)
|   0|0x0000000082a00000, 0x0000000082b00000, 0x0000000082b00000|100%|HS|  |TAMS 0x0000000082b00000, 0x0000000082a00000| Complete 
|   1|0x0000000082b00000, 0x0000000082c00000, 0x0000000082c00000|100%|HS|  |TAMS 0x0000000082c00000, 0x0000000082b00000| Complete 
|   2|0x0000000082c00000, 0x0000000082d00000, 0x0000000082d00000|100%| O|  |TAMS 0x0000000082d00000, 0x0000000082c00000| Untracked 
|   3|0x0000000082d00000, 0x0000000082e00000, 0x0000000082e00000|100%| O|  |TAMS 0x0000000082e00000, 0x0000000082d00000| Untracked 
|   4|0x0000000082e00000, 0x0000000082f00000, 0x0000000082f00000|100%| O|  |TAMS 0x0000000082f00000, 0x0000000082e00000| Untracked 
|   5|0x0000000082f00000, 0x0000000083000000, 0x0000000083000000|100%| O|  |TAMS 0x0000000083000000, 0x0000000082f00000| Untracked 
|   6|0x0000000083000000, 0x0000000083100000, 0x0000000083100000|100%| O|  |TAMS 0x0000000083100000, 0x0000000083000000| Untracked 
|   7|0x0000000083100000, 0x0000000083200000, 0x0000000083200000|100%| O|  |TAMS 0x0000000083200000, 0x0000000083100000| Untracked 
|   8|0x0000000083200000, 0x0000000083300000, 0x0000000083300000|100%| O|  |TAMS 0x0000000083300000, 0x0000000083200000| Untracked 
|   9|0x0000000083300000, 0x0000000083400000, 0x0000000083400000|100%| O|  |TAMS 0x0000000083400000, 0x0000000083300000| Untracked 
|  10|0x0000000083400000, 0x0000000083500000, 0x0000000083500000|100%| O|  |TAMS 0x0000000083500000, 0x0000000083400000| Untracked 
|  11|0x0000000083500000, 0x0000000083600000, 0x0000000083600000|100%| O|  |TAMS 0x0000000083600000, 0x0000000083500000| Untracked 
|  12|0x0000000083600000, 0x0000000083700000, 0x0000000083700000|100%| O|  |TAMS 0x0000000083700000, 0x0000000083600000| Untracked 
|  13|0x0000000083700000, 0x0000000083800000, 0x0000000083800000|100%| O|  |TAMS 0x0000000083800000, 0x0000000083700000| Untracked 
|  14|0x0000000083800000, 0x0000000083900000, 0x0000000083900000|100%| O|  |TAMS 0x0000000083900000, 0x0000000083800000| Untracked 
|  15|0x0000000083900000, 0x0000000083a00000, 0x0000000083a00000|100%| O|  |TAMS 0x0000000083a00000, 0x0000000083900000| Untracked 
|  16|0x0000000083a00000, 0x0000000083b00000, 0x0000000083b00000|100%| O|  |TAMS 0x0000000083b00000, 0x0000000083a00000| Untracked 
|  17|0x0000000083b00000, 0x0000000083c00000, 0x0000000083c00000|100%| O|  |TAMS 0x0000000083c00000, 0x0000000083b00000| Untracked 
|  18|0x0000000083c00000, 0x0000000083d00000, 0x0000000083d00000|100%| O|  |TAMS 0x0000000083c00000, 0x0000000083c00000| Untracked 
|  19|0x0000000083d00000, 0x0000000083e00000, 0x0000000083e00000|100%| O|  |TAMS 0x0000000083e00000, 0x0000000083d00000| Untracked 
|  20|0x0000000083e00000, 0x0000000083f00000, 0x0000000083f00000|100%| O|  |TAMS 0x0000000083f00000, 0x0000000083e00000| Untracked 
|  21|0x0000000083f00000, 0x0000000084000000, 0x0000000084000000|100%| O|  |TAMS 0x0000000084000000, 0x0000000083f00000| Untracked 
|  22|0x0000000084000000, 0x0000000084100000, 0x0000000084100000|100%| O|  |TAMS 0x0000000084100000, 0x0000000084000000| Untracked 
|  23|0x0000000084100000, 0x0000000084200000, 0x0000000084200000|100%| O|  |TAMS 0x0000000084200000, 0x0000000084100000| Untracked 
|  24|0x0000000084200000, 0x0000000084300000, 0x0000000084300000|100%| O|  |TAMS 0x0000000084300000, 0x0000000084200000| Untracked 
|  25|0x0000000084300000, 0x0000000084400000, 0x0000000084400000|100%| O|  |TAMS 0x0000000084400000, 0x0000000084300000| Untracked 
|  26|0x0000000084400000, 0x0000000084500000, 0x0000000084500000|100%| O|  |TAMS 0x0000000084500000, 0x0000000084400000| Untracked 
|  27|0x0000000084500000, 0x0000000084600000, 0x0000000084600000|100%| O|  |TAMS 0x0000000084500000, 0x0000000084500000| Untracked 
|  28|0x0000000084600000, 0x0000000084700000, 0x0000000084700000|100%| O|  |TAMS 0x0000000084600000, 0x0000000084600000| Untracked 
|  29|0x0000000084700000, 0x0000000084800000, 0x0000000084800000|100%| O|  |TAMS 0x0000000084800000, 0x0000000084700000| Untracked 
|  30|0x0000000084800000, 0x0000000084900000, 0x0000000084900000|100%| O|  |TAMS 0x0000000084900000, 0x0000000084800000| Untracked 
|  31|0x0000000084900000, 0x0000000084a00000, 0x0000000084a00000|100%| O|  |TAMS 0x00000000849ca800, 0x0000000084900000| Untracked 
|  32|0x0000000084a00000, 0x0000000084b00000, 0x0000000084b00000|100%| O|  |TAMS 0x0000000084a00000, 0x0000000084a00000| Untracked 
|  33|0x0000000084b00000, 0x0000000084c00000, 0x0000000084c00000|100%| O|  |TAMS 0x0000000084b00000, 0x0000000084b00000| Untracked 
|  34|0x0000000084c00000, 0x0000000084d00000, 0x0000000084d00000|100%| O|  |TAMS 0x0000000084c00000, 0x0000000084c00000| Untracked 
|  35|0x0000000084d00000, 0x0000000084e00000, 0x0000000084e00000|100%| O|  |TAMS 0x0000000084d00000, 0x0000000084d00000| Untracked 
|  36|0x0000000084e00000, 0x0000000084f00000, 0x0000000084f00000|100%| O|  |TAMS 0x0000000084e00000, 0x0000000084e00000| Untracked 
|  37|0x0000000084f00000, 0x0000000085000000, 0x0000000085000000|100%| O|  |TAMS 0x0000000084f00000, 0x0000000084f00000| Untracked 
|  38|0x0000000085000000, 0x0000000085100000, 0x0000000085100000|100%| O|  |TAMS 0x0000000085000000, 0x0000000085000000| Untracked 
|  39|0x0000000085100000, 0x0000000085200000, 0x0000000085200000|100%| O|  |TAMS 0x0000000085100000, 0x0000000085100000| Untracked 
|  40|0x0000000085200000, 0x0000000085246c00, 0x0000000085300000| 27%| O|  |TAMS 0x0000000085200000, 0x0000000085200000| Untracked 
|  41|0x0000000085300000, 0x0000000085300000, 0x0000000085400000|  0%| F|  |TAMS 0x0000000085300000, 0x0000000085300000| Untracked 
|  42|0x0000000085400000, 0x0000000085400000, 0x0000000085500000|  0%| F|  |TAMS 0x0000000085400000, 0x0000000085400000| Untracked 
|  43|0x0000000085500000, 0x0000000085500000, 0x0000000085600000|  0%| F|  |TAMS 0x0000000085500000, 0x0000000085500000| Untracked 
|  44|0x0000000085600000, 0x0000000085600000, 0x0000000085700000|  0%| F|  |TAMS 0x0000000085600000, 0x0000000085600000| Untracked 
|  45|0x0000000085700000, 0x0000000085700000, 0x0000000085800000|  0%| F|  |TAMS 0x0000000085700000, 0x0000000085700000| Untracked 
|  46|0x0000000085800000, 0x0000000085800000, 0x0000000085900000|  0%| F|  |TAMS 0x0000000085800000, 0x0000000085800000| Untracked 
|  47|0x0000000085900000, 0x0000000085900000, 0x0000000085a00000|  0%| F|  |TAMS 0x0000000085900000, 0x0000000085900000| Untracked 
|  48|0x0000000085a00000, 0x0000000085a00000, 0x0000000085b00000|  0%| F|  |TAMS 0x0000000085a00000, 0x0000000085a00000| Untracked 
|  49|0x0000000085b00000, 0x0000000085b00000, 0x0000000085c00000|  0%| F|  |TAMS 0x0000000085b00000, 0x0000000085b00000| Untracked 
|  50|0x0000000085c00000, 0x0000000085c00000, 0x0000000085d00000|  0%| F|  |TAMS 0x0000000085c00000, 0x0000000085c00000| Untracked 
|  51|0x0000000085d00000, 0x0000000085d00000, 0x0000000085e00000|  0%| F|  |TAMS 0x0000000085d00000, 0x0000000085d00000| Untracked 
|  52|0x0000000085e00000, 0x0000000085e00000, 0x0000000085f00000|  0%| F|  |TAMS 0x0000000085e00000, 0x0000000085e00000| Untracked 
|  53|0x0000000085f00000, 0x0000000085f00000, 0x0000000086000000|  0%| F|  |TAMS 0x0000000085f00000, 0x0000000085f00000| Untracked 
|  54|0x0000000086000000, 0x0000000086000000, 0x0000000086100000|  0%| F|  |TAMS 0x0000000086000000, 0x0000000086000000| Untracked 
|  55|0x0000000086100000, 0x0000000086100000, 0x0000000086200000|  0%| F|  |TAMS 0x0000000086100000, 0x0000000086100000| Untracked 
|  56|0x0000000086200000, 0x0000000086200000, 0x0000000086300000|  0%| F|  |TAMS 0x0000000086200000, 0x0000000086200000| Untracked 
|  57|0x0000000086300000, 0x0000000086300000, 0x0000000086400000|  0%| F|  |TAMS 0x0000000086300000, 0x0000000086300000| Untracked 
|  58|0x0000000086400000, 0x0000000086400000, 0x0000000086500000|  0%| F|  |TAMS 0x0000000086400000, 0x0000000086400000| Untracked 
|  59|0x0000000086500000, 0x0000000086500000, 0x0000000086600000|  0%| F|  |TAMS 0x0000000086500000, 0x0000000086500000| Untracked 
|  60|0x0000000086600000, 0x0000000086600000, 0x0000000086700000|  0%| F|  |TAMS 0x0000000086600000, 0x0000000086600000| Untracked 
|  61|0x0000000086700000, 0x0000000086700000, 0x0000000086800000|  0%| F|  |TAMS 0x0000000086700000, 0x0000000086700000| Untracked 
|  62|0x0000000086800000, 0x0000000086800000, 0x0000000086900000|  0%| F|  |TAMS 0x0000000086800000, 0x0000000086800000| Untracked 
|  63|0x0000000086900000, 0x0000000086900000, 0x0000000086a00000|  0%| F|  |TAMS 0x0000000086900000, 0x0000000086900000| Untracked 
|  64|0x0000000086a00000, 0x0000000086a00000, 0x0000000086b00000|  0%| F|  |TAMS 0x0000000086a00000, 0x0000000086a00000| Untracked 
|  65|0x0000000086b00000, 0x0000000086b96140, 0x0000000086c00000| 58%| S|CS|TAMS 0x0000000086b00000, 0x0000000086b00000| Complete 
|  66|0x0000000086c00000, 0x0000000086d00000, 0x0000000086d00000|100%| S|CS|TAMS 0x0000000086c00000, 0x0000000086c00000| Complete 
|  67|0x0000000086d00000, 0x0000000086e00000, 0x0000000086e00000|100%| S|CS|TAMS 0x0000000086d00000, 0x0000000086d00000| Complete 
|  68|0x0000000086e00000, 0x0000000086f00000, 0x0000000086f00000|100%| S|CS|TAMS 0x0000000086e00000, 0x0000000086e00000| Complete 
|  69|0x0000000086f00000, 0x0000000086f00000, 0x0000000087000000|  0%| F|  |TAMS 0x0000000086f00000, 0x0000000086f00000| Untracked 
|  70|0x0000000087000000, 0x0000000087000000, 0x0000000087100000|  0%| F|  |TAMS 0x0000000087000000, 0x0000000087000000| Untracked 
|  71|0x0000000087100000, 0x0000000087100000, 0x0000000087200000|  0%| F|  |TAMS 0x0000000087100000, 0x0000000087100000| Untracked 
|  72|0x0000000087200000, 0x0000000087200000, 0x0000000087300000|  0%| F|  |TAMS 0x0000000087200000, 0x0000000087200000| Untracked 
|  73|0x0000000087300000, 0x0000000087300000, 0x0000000087400000|  0%| F|  |TAMS 0x0000000087300000, 0x0000000087300000| Untracked 
|  74|0x0000000087400000, 0x0000000087400000, 0x0000000087500000|  0%| F|  |TAMS 0x0000000087400000, 0x0000000087400000| Untracked 
|  75|0x0000000087500000, 0x0000000087500000, 0x0000000087600000|  0%| F|  |TAMS 0x0000000087500000, 0x0000000087500000| Untracked 
|  76|0x0000000087600000, 0x0000000087700000, 0x0000000087700000|100%| S|CS|TAMS 0x0000000087600000, 0x0000000087600000| Complete 
|  77|0x0000000087700000, 0x0000000087800000, 0x0000000087800000|100%| S|CS|TAMS 0x0000000087700000, 0x0000000087700000| Complete 
|  78|0x0000000087800000, 0x0000000087800000, 0x0000000087900000|  0%| F|  |TAMS 0x0000000087800000, 0x0000000087800000| Untracked 
|  79|0x0000000087900000, 0x0000000087900000, 0x0000000087a00000|  0%| F|  |TAMS 0x0000000087900000, 0x0000000087900000| Untracked 
|  80|0x0000000087a00000, 0x0000000087a00000, 0x0000000087b00000|  0%| F|  |TAMS 0x0000000087a00000, 0x0000000087a00000| Untracked 
|  81|0x0000000087b00000, 0x0000000087b00000, 0x0000000087c00000|  0%| F|  |TAMS 0x0000000087b00000, 0x0000000087b00000| Untracked 
|  82|0x0000000087c00000, 0x0000000087c00000, 0x0000000087d00000|  0%| F|  |TAMS 0x0000000087c00000, 0x0000000087c00000| Untracked 
|  83|0x0000000087d00000, 0x0000000087d00000, 0x0000000087e00000|  0%| F|  |TAMS 0x0000000087d00000, 0x0000000087d00000| Untracked 
|  84|0x0000000087e00000, 0x0000000087e00000, 0x0000000087f00000|  0%| F|  |TAMS 0x0000000087e00000, 0x0000000087e00000| Untracked 
|  85|0x0000000087f00000, 0x0000000087f00000, 0x0000000088000000|  0%| F|  |TAMS 0x0000000087f00000, 0x0000000087f00000| Untracked 
|  86|0x0000000088000000, 0x0000000088000000, 0x0000000088100000|  0%| F|  |TAMS 0x0000000088000000, 0x0000000088000000| Untracked 
|  87|0x0000000088100000, 0x0000000088100000, 0x0000000088200000|  0%| F|  |TAMS 0x0000000088100000, 0x0000000088100000| Untracked 
|  88|0x0000000088200000, 0x0000000088200000, 0x0000000088300000|  0%| F|  |TAMS 0x0000000088200000, 0x0000000088200000| Untracked 
|  89|0x0000000088300000, 0x0000000088300000, 0x0000000088400000|  0%| F|  |TAMS 0x0000000088300000, 0x0000000088300000| Untracked 
|  90|0x0000000088400000, 0x0000000088400000, 0x0000000088500000|  0%| F|  |TAMS 0x0000000088400000, 0x0000000088400000| Untracked 
|  91|0x0000000088500000, 0x0000000088500000, 0x0000000088600000|  0%| F|  |TAMS 0x0000000088500000, 0x0000000088500000| Untracked 
|  92|0x0000000088600000, 0x0000000088600000, 0x0000000088700000|  0%| F|  |TAMS 0x0000000088600000, 0x0000000088600000| Untracked 
|  93|0x0000000088700000, 0x0000000088700000, 0x0000000088800000|  0%| F|  |TAMS 0x0000000088700000, 0x0000000088700000| Untracked 
|  94|0x0000000088800000, 0x0000000088800000, 0x0000000088900000|  0%| F|  |TAMS 0x0000000088800000, 0x0000000088800000| Untracked 
|  95|0x0000000088900000, 0x0000000088900000, 0x0000000088a00000|  0%| F|  |TAMS 0x0000000088900000, 0x0000000088900000| Untracked 
|  96|0x0000000088a00000, 0x0000000088a00000, 0x0000000088b00000|  0%| F|  |TAMS 0x0000000088a00000, 0x0000000088a00000| Untracked 
|  97|0x0000000088b00000, 0x0000000088b00000, 0x0000000088c00000|  0%| F|  |TAMS 0x0000000088b00000, 0x0000000088b00000| Untracked 
|  98|0x0000000088c00000, 0x0000000088c00000, 0x0000000088d00000|  0%| F|  |TAMS 0x0000000088c00000, 0x0000000088c00000| Untracked 
|  99|0x0000000088d00000, 0x0000000088d00000, 0x0000000088e00000|  0%| F|  |TAMS 0x0000000088d00000, 0x0000000088d00000| Untracked 
| 100|0x0000000088e00000, 0x0000000088e00000, 0x0000000088f00000|  0%| F|  |TAMS 0x0000000088e00000, 0x0000000088e00000| Untracked 
| 101|0x0000000088f00000, 0x0000000088f00000, 0x0000000089000000|  0%| F|  |TAMS 0x0000000088f00000, 0x0000000088f00000| Untracked 
| 102|0x0000000089000000, 0x0000000089000000, 0x0000000089100000|  0%| F|  |TAMS 0x0000000089000000, 0x0000000089000000| Untracked 
| 103|0x0000000089100000, 0x0000000089100000, 0x0000000089200000|  0%| F|  |TAMS 0x0000000089100000, 0x0000000089100000| Untracked 
| 104|0x0000000089200000, 0x0000000089200000, 0x0000000089300000|  0%| F|  |TAMS 0x0000000089200000, 0x0000000089200000| Untracked 
| 105|0x0000000089300000, 0x0000000089300000, 0x0000000089400000|  0%| F|  |TAMS 0x0000000089300000, 0x0000000089300000| Untracked 
| 106|0x0000000089400000, 0x0000000089400000, 0x0000000089500000|  0%| F|  |TAMS 0x0000000089400000, 0x0000000089400000| Untracked 
| 107|0x0000000089500000, 0x0000000089500000, 0x0000000089600000|  0%| F|  |TAMS 0x0000000089500000, 0x0000000089500000| Untracked 
| 108|0x0000000089600000, 0x0000000089600000, 0x0000000089700000|  0%| F|  |TAMS 0x0000000089600000, 0x0000000089600000| Untracked 
| 109|0x0000000089700000, 0x0000000089700000, 0x0000000089800000|  0%| F|  |TAMS 0x0000000089700000, 0x0000000089700000| Untracked 
| 110|0x0000000089800000, 0x0000000089800000, 0x0000000089900000|  0%| F|  |TAMS 0x0000000089800000, 0x0000000089800000| Untracked 
| 111|0x0000000089900000, 0x0000000089900000, 0x0000000089a00000|  0%| F|  |TAMS 0x0000000089900000, 0x0000000089900000| Untracked 
| 112|0x0000000089a00000, 0x0000000089a00000, 0x0000000089b00000|  0%| F|  |TAMS 0x0000000089a00000, 0x0000000089a00000| Untracked 
| 113|0x0000000089b00000, 0x0000000089b00000, 0x0000000089c00000|  0%| F|  |TAMS 0x0000000089b00000, 0x0000000089b00000| Untracked 
| 114|0x0000000089c00000, 0x0000000089c00000, 0x0000000089d00000|  0%| F|  |TAMS 0x0000000089c00000, 0x0000000089c00000| Untracked 
| 115|0x0000000089d00000, 0x0000000089d00000, 0x0000000089e00000|  0%| F|  |TAMS 0x0000000089d00000, 0x0000000089d00000| Untracked 
| 116|0x0000000089e00000, 0x0000000089e00000, 0x0000000089f00000|  0%| F|  |TAMS 0x0000000089e00000, 0x0000000089e00000| Untracked 
| 117|0x0000000089f00000, 0x0000000089f00000, 0x000000008a000000|  0%| F|  |TAMS 0x0000000089f00000, 0x0000000089f00000| Untracked 
| 118|0x000000008a000000, 0x000000008a000000, 0x000000008a100000|  0%| F|  |TAMS 0x000000008a000000, 0x000000008a000000| Untracked 
| 119|0x000000008a100000, 0x000000008a100000, 0x000000008a200000|  0%| F|  |TAMS 0x000000008a100000, 0x000000008a100000| Untracked 
| 120|0x000000008a200000, 0x000000008a200000, 0x000000008a300000|  0%| F|  |TAMS 0x000000008a200000, 0x000000008a200000| Untracked 
| 121|0x000000008a300000, 0x000000008a300000, 0x000000008a400000|  0%| F|  |TAMS 0x000000008a300000, 0x000000008a300000| Untracked 
| 122|0x000000008a400000, 0x000000008a400000, 0x000000008a500000|  0%| F|  |TAMS 0x000000008a400000, 0x000000008a400000| Untracked 
| 123|0x000000008a500000, 0x000000008a500000, 0x000000008a600000|  0%| F|  |TAMS 0x000000008a500000, 0x000000008a500000| Untracked 
| 124|0x000000008a600000, 0x000000008a600000, 0x000000008a700000|  0%| F|  |TAMS 0x000000008a600000, 0x000000008a600000| Untracked 
| 125|0x000000008a700000, 0x000000008a700000, 0x000000008a800000|  0%| F|  |TAMS 0x000000008a700000, 0x000000008a700000| Untracked 
| 126|0x000000008a800000, 0x000000008a800000, 0x000000008a900000|  0%| F|  |TAMS 0x000000008a800000, 0x000000008a800000| Untracked 
| 127|0x000000008a900000, 0x000000008a900000, 0x000000008aa00000|  0%| F|  |TAMS 0x000000008a900000, 0x000000008a900000| Untracked 
| 128|0x000000008aa00000, 0x000000008aa00000, 0x000000008ab00000|  0%| F|  |TAMS 0x000000008aa00000, 0x000000008aa00000| Untracked 
| 129|0x000000008ab00000, 0x000000008ab00000, 0x000000008ac00000|  0%| F|  |TAMS 0x000000008ab00000, 0x000000008ab00000| Untracked 
| 130|0x000000008ac00000, 0x000000008ac00000, 0x000000008ad00000|  0%| F|  |TAMS 0x000000008ac00000, 0x000000008ac00000| Untracked 
| 131|0x000000008ad00000, 0x000000008ad00000, 0x000000008ae00000|  0%| F|  |TAMS 0x000000008ad00000, 0x000000008ad00000| Untracked 
| 132|0x000000008ae00000, 0x000000008ae00000, 0x000000008af00000|  0%| F|  |TAMS 0x000000008ae00000, 0x000000008ae00000| Untracked 
| 133|0x000000008af00000, 0x000000008af00000, 0x000000008b000000|  0%| F|  |TAMS 0x000000008af00000, 0x000000008af00000| Untracked 
| 134|0x000000008b000000, 0x000000008b000000, 0x000000008b100000|  0%| F|  |TAMS 0x000000008b000000, 0x000000008b000000| Untracked 
| 135|0x000000008b100000, 0x000000008b100000, 0x000000008b200000|  0%| F|  |TAMS 0x000000008b100000, 0x000000008b100000| Untracked 
| 136|0x000000008b200000, 0x000000008b200000, 0x000000008b300000|  0%| F|  |TAMS 0x000000008b200000, 0x000000008b200000| Untracked 
| 137|0x000000008b300000, 0x000000008b300000, 0x000000008b400000|  0%| F|  |TAMS 0x000000008b300000, 0x000000008b300000| Untracked 
| 138|0x000000008b400000, 0x000000008b400000, 0x000000008b500000|  0%| F|  |TAMS 0x000000008b400000, 0x000000008b400000| Untracked 
| 139|0x000000008b500000, 0x000000008b500000, 0x000000008b600000|  0%| F|  |TAMS 0x000000008b500000, 0x000000008b500000| Untracked 
| 140|0x000000008b600000, 0x000000008b600000, 0x000000008b700000|  0%| F|  |TAMS 0x000000008b600000, 0x000000008b600000| Untracked 

Card table byte_map: [0x000002507e9e0000,0x000002507edd0000] _byte_map_base: 0x000002507e5cb000

Marking Bits (Prev, Next): (CMBitMap*) 0x00000250735edf30, (CMBitMap*) 0x00000250735edf70
 Prev Bits: [0x0000025000000000, 0x0000025001f58000)
 Next Bits: [0x0000025001f60000, 0x0000025003eb8000)

Polling page: 0x0000025072d40000

Metaspace:

Usage:
  Non-class:     52.24 MB used.
      Class:      8.73 MB used.
       Both:     60.96 MB used.

Virtual space:
  Non-class space:       64.00 MB reserved,      52.62 MB ( 82%) committed,  1 nodes.
      Class space:        1.00 GB reserved,       9.06 MB ( <1%) committed,  1 nodes.
             Both:        1.06 GB reserved,      61.69 MB (  6%) committed. 

Chunk freelists:
   Non-Class:  2.91 MB
       Class:  2.91 MB
        Both:  5.82 MB

MaxMetaspaceSize: unlimited
CompressedClassSpaceSize: 1.00 GB
Initial GC threshold: 21.00 MB
Current GC threshold: 99.62 MB
CDS: on
MetaspaceReclaimPolicy: balanced
 - commit_granule_bytes: 65536.
 - commit_granule_words: 8192.
 - virtual_space_node_default_size: 8388608.
 - enlarge_chunks_in_place: 1.
 - new_chunks_are_fully_committed: 0.
 - uncommit_free_chunks: 1.
 - use_allocation_guard: 0.


Internal statistics:

num_allocs_failed_limit: 8.
num_arena_births: 910.
num_arena_deaths: 0.
num_vsnodes_births: 2.
num_vsnodes_deaths: 0.
num_space_committed: 987.
num_space_uncommitted: 0.
num_chunks_returned_to_freelist: 8.
num_chunks_taken_from_freelist: 3116.
num_chunk_merges: 8.
num_chunk_splits: 2380.
num_chunks_enlarged: 1992.
num_inconsistent_stats: 0.

CodeCache: size=49152Kb used=11184Kb max_used=11184Kb free=37967Kb
 bounds [0x000002507b4e0000, 0x000002507bfd0000, 0x000002507e4e0000]
 total_blobs=6029 nmethods=5334 adapters=615
 compilation: enabled
              stopped_count=0, restarted_count=0
 full_count=0

Compilation events (20 events):
Event: 19.332 Thread 0x000002507fca29f0 5325       1       org.hibernate.internal.util.collections.StandardStack::isEmpty (13 bytes)
Event: 19.332 Thread 0x000002507fca29f0 nmethod 5325 0x000002507bfc9290 code [0x000002507bfc9420, 0x000002507bfc94f8]
Event: 19.333 Thread 0x000002500a80f120 5326       1       org.springframework.core.annotation.AnnotationTypeMapping::isSynthesizable (5 bytes)
Event: 19.333 Thread 0x000002500a80f120 nmethod 5326 0x000002507bfc9590 code [0x000002507bfc9720, 0x000002507bfc97f8]
Event: 19.335 Thread 0x000002500a80f120 5327       1       org.antlr.v4.runtime.atn.EmptyPredictionContext::getReturnState (5 bytes)
Event: 19.335 Thread 0x000002500a80f120 nmethod 5327 0x000002507bfc9890 code [0x000002507bfc9a20, 0x000002507bfc9ad8]
Event: 19.350 Thread 0x000002500aa60220 5328       1       org.antlr.v4.runtime.atn.PredictionMode::hasSLLConflictTerminatingPrediction (109 bytes)
Event: 19.351 Thread 0x000002500aa60220 nmethod 5328 0x000002507bfc9b90 code [0x000002507bfc9da0, 0x000002507bfca258]
Event: 19.356 Thread 0x000002500a0eb2a0 5329       1       org.antlr.v4.runtime.misc.IntegerList::size (5 bytes)
Event: 19.356 Thread 0x000002500a0eb2a0 nmethod 5329 0x000002507bfca590 code [0x000002507bfca720, 0x000002507bfca7d8]
Event: 19.412 Thread 0x000002500a0eb2a0 5330       1       org.antlr.v4.runtime.tree.AbstractParseTreeVisitor::visit (8 bytes)
Event: 19.412 Thread 0x000002500a80f120 5331       1       org.springframework.data.jpa.repository.query.QueryToken::isExpression (2 bytes)
Event: 19.412 Thread 0x000002500a0eb2a0 nmethod 5330 0x000002507bfca890 code [0x000002507bfcaa40, 0x000002507bfcab28]
Event: 19.412 Thread 0x000002500a80f120 nmethod 5331 0x000002507bfcab90 code [0x000002507bfcad20, 0x000002507bfcadf8]
Event: 19.490 Thread 0x000002500aa60220 5333       1       org.antlr.v4.runtime.RuleContext::<init> (10 bytes)
Event: 19.490 Thread 0x000002500a80f120 5332       1       org.antlr.v4.runtime.ParserRuleContext::<init> (5 bytes)
Event: 19.490 Thread 0x000002500a0eb2a0 5334       1       org.antlr.v4.runtime.ParserRuleContext::copyFrom (99 bytes)
Event: 19.490 Thread 0x000002500a80f120 nmethod 5332 0x000002507bfcae90 code [0x000002507bfcb020, 0x000002507bfcb0f8]
Event: 19.490 Thread 0x000002500aa60220 nmethod 5333 0x000002507bfcb190 code [0x000002507bfcb320, 0x000002507bfcb3f8]
Event: 19.491 Thread 0x000002500a0eb2a0 nmethod 5334 0x000002507bfcb490 code [0x000002507bfcb6c0, 0x000002507bfcbe38]

GC Heap History (20 events):
Event: 17.229 GC heap after
{Heap after GC invocations=14 (full 0):
 garbage-first heap   total 58368K, used 28750K [0x0000000082a00000, 0x0000000100000000)
  region size 1024K, 3 young (3072K), 3 survivors (3072K)
 Metaspace       used 59074K, committed 59776K, reserved 1114112K
  class space    used 8301K, committed 8640K, reserved 1048576K
}
Event: 17.319 GC heap before
{Heap before GC invocations=14 (full 0):
 garbage-first heap   total 58368K, used 45134K [0x0000000082a00000, 0x0000000100000000)
  region size 1024K, 19 young (19456K), 3 survivors (3072K)
 Metaspace       used 59078K, committed 59776K, reserved 1114112K
  class space    used 8301K, committed 8640K, reserved 1048576K
}
Event: 17.323 GC heap after
{Heap after GC invocations=15 (full 0):
 garbage-first heap   total 58368K, used 30777K [0x0000000082a00000, 0x0000000100000000)
  region size 1024K, 3 young (3072K), 3 survivors (3072K)
 Metaspace       used 59078K, committed 59776K, reserved 1114112K
  class space    used 8301K, committed 8640K, reserved 1048576K
}
Event: 17.469 GC heap before
{Heap before GC invocations=16 (full 0):
 garbage-first heap   total 61440K, used 44089K [0x0000000082a00000, 0x0000000100000000)
  region size 1024K, 16 young (16384K), 3 survivors (3072K)
 Metaspace       used 59079K, committed 59776K, reserved 1114112K
  class space    used 8301K, committed 8640K, reserved 1048576K
}
Event: 17.474 GC heap after
{Heap after GC invocations=17 (full 0):
 garbage-first heap   total 61440K, used 31835K [0x0000000082a00000, 0x0000000100000000)
  region size 1024K, 1 young (1024K), 1 survivors (1024K)
 Metaspace       used 59079K, committed 59776K, reserved 1114112K
  class space    used 8301K, committed 8640K, reserved 1048576K
}
Event: 17.497 GC heap before
{Heap before GC invocations=17 (full 0):
 garbage-first heap   total 61440K, used 33883K [0x0000000082a00000, 0x0000000100000000)
  region size 1024K, 3 young (3072K), 1 survivors (1024K)
 Metaspace       used 59079K, committed 59776K, reserved 1114112K
  class space    used 8301K, committed 8640K, reserved 1048576K
}
Event: 17.501 GC heap after
{Heap after GC invocations=18 (full 0):
 garbage-first heap   total 61440K, used 31855K [0x0000000082a00000, 0x0000000100000000)
  region size 1024K, 1 young (1024K), 1 survivors (1024K)
 Metaspace       used 59079K, committed 59776K, reserved 1114112K
  class space    used 8301K, committed 8640K, reserved 1048576K
}
Event: 17.988 GC heap before
{Heap before GC invocations=18 (full 0):
 garbage-first heap   total 61440K, used 46191K [0x0000000082a00000, 0x0000000100000000)
  region size 1024K, 16 young (16384K), 1 survivors (1024K)
 Metaspace       used 60471K, committed 61184K, reserved 1114112K
  class space    used 8672K, committed 9024K, reserved 1048576K
}
Event: 17.992 GC heap after
{Heap after GC invocations=19 (full 0):
 garbage-first heap   total 61440K, used 35517K [0x0000000082a00000, 0x0000000100000000)
  region size 1024K, 2 young (2048K), 2 survivors (2048K)
 Metaspace       used 60471K, committed 61184K, reserved 1114112K
  class space    used 8672K, committed 9024K, reserved 1048576K
}
Event: 18.081 GC heap before
{Heap before GC invocations=19 (full 0):
 garbage-first heap   total 73728K, used 46781K [0x0000000082a00000, 0x0000000100000000)
  region size 1024K, 14 young (14336K), 2 survivors (2048K)
 Metaspace       used 60474K, committed 61184K, reserved 1114112K
  class space    used 8672K, committed 9024K, reserved 1048576K
}
Event: 18.086 GC heap after
{Heap after GC invocations=20 (full 0):
 garbage-first heap   total 73728K, used 34912K [0x0000000082a00000, 0x0000000100000000)
  region size 1024K, 1 young (1024K), 1 survivors (1024K)
 Metaspace       used 60474K, committed 61184K, reserved 1114112K
  class space    used 8672K, committed 9024K, reserved 1048576K
}
Event: 18.236 GC heap before
{Heap before GC invocations=21 (full 0):
 garbage-first heap   total 73728K, used 56416K [0x0000000082a00000, 0x0000000100000000)
  region size 1024K, 22 young (22528K), 1 survivors (1024K)
 Metaspace       used 60477K, committed 61248K, reserved 1114112K
  class space    used 8672K, committed 9024K, reserved 1048576K
}
Event: 18.241 GC heap after
{Heap after GC invocations=22 (full 0):
 garbage-first heap   total 144384K, used 36920K [0x0000000082a00000, 0x0000000100000000)
  region size 1024K, 3 young (3072K), 3 survivors (3072K)
 Metaspace       used 60477K, committed 61248K, reserved 1114112K
  class space    used 8672K, committed 9024K, reserved 1048576K
}
Event: 18.275 GC heap before
{Heap before GC invocations=22 (full 0):
 garbage-first heap   total 144384K, used 41016K [0x0000000082a00000, 0x0000000100000000)
  region size 1024K, 7 young (7168K), 3 survivors (3072K)
 Metaspace       used 60477K, committed 61248K, reserved 1114112K
  class space    used 8672K, committed 9024K, reserved 1048576K
}
Event: 18.281 GC heap after
{Heap after GC invocations=23 (full 0):
 garbage-first heap   total 144384K, used 37622K [0x0000000082a00000, 0x0000000100000000)
  region size 1024K, 1 young (1024K), 1 survivors (1024K)
 Metaspace       used 60477K, committed 61248K, reserved 1114112K
  class space    used 8672K, committed 9024K, reserved 1048576K
}
Event: 18.988 GC heap before
{Heap before GC invocations=23 (full 0):
 garbage-first heap   total 144384K, used 110326K [0x0000000082a00000, 0x0000000100000000)
  region size 1024K, 73 young (74752K), 1 survivors (1024K)
 Metaspace       used 62217K, committed 62912K, reserved 1114112K
  class space    used 8890K, committed 9216K, reserved 1048576K
}
Event: 18.996 GC heap after
{Heap after GC invocations=24 (full 0):
 garbage-first heap   total 144384K, used 44303K [0x0000000082a00000, 0x0000000100000000)
  region size 1024K, 8 young (8192K), 8 survivors (8192K)
 Metaspace       used 62217K, committed 62912K, reserved 1114112K
  class space    used 8890K, committed 9216K, reserved 1048576K
}
Event: 19.268 GC heap before
{Heap before GC invocations=24 (full 0):
 garbage-first heap   total 144384K, used 110863K [0x0000000082a00000, 0x0000000100000000)
  region size 1024K, 73 young (74752K), 8 survivors (8192K)
 Metaspace       used 62420K, committed 63168K, reserved 1114112K
  class space    used 8935K, committed 9280K, reserved 1048576K
}
Event: 19.278 GC heap after
{Heap after GC invocations=25 (full 0):
 garbage-first heap   total 144384K, used 46732K [0x0000000082a00000, 0x0000000100000000)
  region size 1024K, 7 young (7168K), 7 survivors (7168K)
 Metaspace       used 62420K, committed 63168K, reserved 1114112K
  class space    used 8935K, committed 9280K, reserved 1048576K
}
Event: 19.595 GC heap before
{Heap before GC invocations=25 (full 0):
 garbage-first heap   total 144384K, used 111244K [0x0000000082a00000, 0x0000000100000000)
  region size 1024K, 70 young (71680K), 7 survivors (7168K)
 Metaspace       used 62426K, committed 63168K, reserved 1114112K
  class space    used 8935K, committed 9280K, reserved 1048576K
}

Dll operation events (10 events):
Event: 0.027 Loaded shared library C:\Program Files\Java\jdk-19\bin\java.dll
Event: 0.062 Loaded shared library C:\Program Files\Java\jdk-19\bin\jsvml.dll
Event: 0.287 Loaded shared library C:\Program Files\Java\jdk-19\bin\net.dll
Event: 0.291 Loaded shared library C:\Program Files\Java\jdk-19\bin\nio.dll
Event: 0.306 Loaded shared library C:\Program Files\Java\jdk-19\bin\zip.dll
Event: 1.046 Loaded shared library C:\Program Files\Java\jdk-19\bin\jimage.dll
Event: 5.581 Loaded shared library C:\Program Files\Java\jdk-19\bin\sunmscapi.dll
Event: 8.920 Loaded shared library C:\Program Files\Java\jdk-19\bin\management.dll
Event: 8.929 Loaded shared library C:\Program Files\Java\jdk-19\bin\management_ext.dll
Event: 10.128 Loaded shared library C:\Program Files\Java\jdk-19\bin\verify.dll

Deoptimization events (14 events):
Event: 5.014 Thread 0x0000025073585ea0 DEOPT PACKING pc=0x000002507ba61cb9 sp=0x000000d5cb3fd770
Event: 5.014 Thread 0x0000025073585ea0 DEOPT UNPACKING pc=0x000002507b547543 sp=0x000000d5cb3fcc50 mode 3
Event: 5.800 Thread 0x0000025073585ea0 DEOPT PACKING pc=0x000002507bae50d5 sp=0x000000d5cb3fdc70
Event: 5.800 Thread 0x0000025073585ea0 DEOPT UNPACKING pc=0x000002507b547543 sp=0x000000d5cb3fd118 mode 3
Event: 8.200 Thread 0x0000025073585ea0 DEOPT PACKING pc=0x000002507bc7793c sp=0x000000d5cb3fbf70
Event: 8.200 Thread 0x0000025073585ea0 DEOPT UNPACKING pc=0x000002507b547543 sp=0x000000d5cb3fb6e8 mode 0
Event: 8.200 Thread 0x0000025073585ea0 DEOPT PACKING pc=0x000002507bbff10c sp=0x000000d5cb3fc340
Event: 8.200 Thread 0x0000025073585ea0 DEOPT UNPACKING pc=0x000002507b547543 sp=0x000000d5cb3fb800 mode 0
Event: 9.167 Thread 0x0000025073585ea0 DEOPT PACKING pc=0x000002507bd5b41d sp=0x000000d5cb3fcba0
Event: 9.167 Thread 0x0000025073585ea0 DEOPT UNPACKING pc=0x000002507b547543 sp=0x000000d5cb3fc108 mode 3
Event: 11.631 Thread 0x000002500a106940 DEOPT PACKING pc=0x000002507ba7bf74 sp=0x000000d5cc5ff070
Event: 11.631 Thread 0x000002500a106940 DEOPT UNPACKING pc=0x000002507b547543 sp=0x000000d5cc5fe5b8 mode 0
Event: 15.553 Thread 0x000002500b43b0f0 DEOPT PACKING pc=0x000002507ba7bf74 sp=0x000000d5cd3fee80
Event: 15.553 Thread 0x000002500b43b0f0 DEOPT UNPACKING pc=0x000002507b547543 sp=0x000000d5cd3fe3c8 mode 0

Classes loaded (20 events):
Event: 16.654 Loading class java/util/regex/Pattern$Neg
Event: 16.654 Loading class java/util/regex/Pattern$Neg done
Event: 16.658 Loading class java/util/regex/Pattern$SliceU
Event: 16.659 Loading class java/util/regex/Pattern$SliceU done
Event: 16.659 Loading class java/util/regex/Pattern$Bound
Event: 16.659 Loading class java/util/regex/Pattern$Bound done
Event: 16.659 Loading class java/util/regex/Pattern$SliceI
Event: 16.659 Loading class java/util/regex/Pattern$SliceI done
Event: 16.663 Loading class java/util/regex/Pattern$LookBehindEndNode
Event: 16.663 Loading class java/util/regex/Pattern$LookBehindEndNode done
Event: 16.664 Loading class java/util/regex/Pattern$NotBehind
Event: 16.665 Loading class java/util/regex/Pattern$NotBehind done
Event: 16.665 Loading class java/util/regex/Pattern$Behind
Event: 16.666 Loading class java/util/regex/Pattern$Behind done
Event: 16.675 Loading class java/util/regex/Pattern$1
Event: 16.675 Loading class java/util/regex/Pattern$1 done
Event: 16.719 Loading class java/util/EmptyStackException
Event: 16.728 Loading class java/util/EmptyStackException done
Event: 17.051 Loading class java/io/InvalidClassException
Event: 17.052 Loading class java/io/InvalidClassException done

Classes unloaded (0 events):
No events

Classes redefined (0 events):
No events

Internal exceptions (20 events):
Event: 14.907 Thread 0x0000025073585ea0 Exception <a 'java/lang/NoSuchMethodError'{0x00000000856852d0}: 'int java.lang.invoke.Invokers$Holder.invokeExact_MT(java.lang.Object, java.lang.Object, java.lang.Object)'> (0x00000000856852d0) 
thrown [s\open\src\hotspot\share\interpreter\linkResolver.cpp, line 774]
Event: 15.024 Thread 0x0000025073585ea0 Exception <a 'java/lang/NoSuchMethodError'{0x000000008541afc8}: 'void java.lang.invoke.DirectMethodHandle$Holder.invokeInterface(java.lang.Object, java.lang.Object, int, java.lang.Object)'> (0x000000008541afc8) 
thrown [s\open\src\hotspot\share\interpreter\linkResolver.cpp, line 774]
Event: 15.041 Thread 0x0000025073585ea0 Exception <a 'java/lang/NoSuchMethodError'{0x0000000085441518}: 'java.lang.Object java.lang.invoke.DirectMethodHandle$Holder.newInvokeSpecial(java.lang.Object, java.lang.Object, int, java.lang.Object)'> (0x0000000085441518) 
thrown [s\open\src\hotspot\share\interpreter\linkResolver.cpp, line 774]
Event: 15.042 Thread 0x0000025073585ea0 Exception <a 'java/lang/NoSuchMethodError'{0x0000000085445100}: 'java.lang.Object java.lang.invoke.Invokers$Holder.linkToTargetMethod(java.lang.Object, int, java.lang.Object, java.lang.Object)'> (0x0000000085445100) 
thrown [s\open\src\hotspot\share\interpreter\linkResolver.cpp, line 774]
Event: 15.079 Thread 0x0000025073585ea0 Exception <a 'java/lang/NoSuchMethodError'{0x00000000854d8000}: 'void java.lang.invoke.DirectMethodHandle$Holder.invokeSpecial(java.lang.Object, java.lang.Object, java.lang.Object, java.lang.Object, java.lang.Object, java.lang.Object, java.lang.Object, java.lang.Object)'> (0x00000000854d8000) 
thrown [s\open\src\hotspot\share\interpreter\linkResolver.cpp, line 774]
Event: 15.095 Thread 0x0000025073585ea0 Exception <a 'java/lang/NoSuchMethodError'{0x00000000853233a0}: 'void java.lang.invoke.DirectMethodHandle$Holder.invokeSpecial(java.lang.Object, java.lang.Object, int, java.lang.Object)'> (0x00000000853233a0) 
thrown [s\open\src\hotspot\share\interpreter\linkResolver.cpp, line 774]
Event: 15.095 Thread 0x0000025073585ea0 Exception <a 'java/lang/IncompatibleClassChangeError'{0x000000008532a410}: Found class java.lang.Object, but interface was expected> (0x000000008532a410) 
thrown [s\open\src\hotspot\share\interpreter\linkResolver.cpp, line 841]
Event: 15.146 Thread 0x0000025073585ea0 Exception <a 'java/lang/NoSuchMethodError'{0x000000008528bf28}: 'int java.lang.invoke.DirectMethodHandle$Holder.invokeStatic(java.lang.Object, int, java.lang.Object)'> (0x000000008528bf28) 
thrown [s\open\src\hotspot\share\interpreter\linkResolver.cpp, line 774]
Event: 15.149 Thread 0x0000025073585ea0 Exception <a 'java/lang/NoSuchMethodError'{0x00000000852ab710}: 'java.lang.Object java.lang.invoke.DirectMethodHandle$Holder.newInvokeSpecial(java.lang.Object, java.lang.Object, java.lang.Object, java.lang.Object, java.lang.Object, int, java.lang.Object)'> (0x00000000852ab710) 
thrown [s\open\src\hotspot\share\interpreter\linkResolver.cpp, line 774]
Event: 15.153 Thread 0x0000025073585ea0 Exception <a 'java/lang/NoSuchMethodError'{0x00000000852e15b0}: 'java.lang.Object java.lang.invoke.Invokers$Holder.linkToTargetMethod(java.lang.Object, java.lang.Object, java.lang.Object, java.lang.Object, java.lang.Object, java.lang.Object, java.lang.Object, java.lang.Object, java.lang.Object, java.lang.Object, java.lang.Object, java.lang.Object)'> (0x00000000852e15b0) 
thrown [s\open\src\hotspot\share\interpreter\linkResolver.cpp, line 774]
Event: 15.180 Thread 0x0000025073585ea0 Exception <a 'java/lang/NoSuchMethodError'{0x00000000851c7be8}: 'void java.lang.invoke.DirectMethodHandle$Holder.invokeStatic(java.lang.Object, java.lang.Object, java.lang.Object, java.lang.Object, int, java.lang.Object)'> (0x00000000851c7be8) 
thrown [s\open\src\hotspot\share\interpreter\linkResolver.cpp, line 774]
Event: 15.286 Thread 0x0000025073585ea0 Exception <a 'java/lang/IncompatibleClassChangeError'{0x00000000850c5c18}: Found class java.lang.Object, but interface was expected> (0x00000000850c5c18) 
thrown [s\open\src\hotspot\share\interpreter\linkResolver.cpp, line 841]
Event: 15.372 Thread 0x0000025073585ea0 Exception <a 'java/lang/NoSuchMethodError'{0x0000000084f3f548}: 'java.lang.Object java.lang.invoke.DirectMethodHandle$Holder.newInvokeSpecial(java.lang.Object, java.lang.Object, java.lang.Object, java.lang.Object, java.lang.Object, java.lang.Object, java.lang.Object, int)'> (0x0000000084f3f548) 
thrown [s\open\src\hotspot\share\interpreter\linkResolver.cpp, line 774]
Event: 15.372 Thread 0x0000025073585ea0 Exception <a 'java/lang/NoSuchMethodError'{0x0000000084f44558}: 'java.lang.Object java.lang.invoke.DirectMethodHandle$Holder.invokeSpecial(java.lang.Object, java.lang.Object, java.lang.Object, java.lang.Object, java.lang.Object, java.lang.Object, java.lang.Object, java.lang.Object, int)'> (0x0000000084f44558) 
thrown [s\open\src\hotspot\share\interpreter\linkResolver.cpp, line 774]
Event: 15.373 Thread 0x0000025073585ea0 Exception <a 'java/lang/NoSuchMethodError'{0x0000000084f49030}: 'java.lang.Object java.lang.invoke.Invokers$Holder.linkToTargetMethod(java.lang.Object, java.lang.Object, java.lang.Object, java.lang.Object, java.lang.Object, java.lang.Object, int, java.lang.Object)'> (0x0000000084f49030) 
thrown [s\open\src\hotspot\share\interpreter\linkResolver.cpp, line 774]
Event: 15.470 Thread 0x0000025073585ea0 Exception <a 'java/lang/NoSuchMethodError'{0x0000000084e39060}: 'java.lang.Object java.lang.invoke.DirectMethodHandle$Holder.newInvokeSpecial(java.lang.Object, java.lang.Object, int, java.lang.Object, int, java.lang.Object, java.lang.Object)'> (0x0000000084e39060) 
thrown [s\open\src\hotspot\share\interpreter\linkResolver.cpp, line 774]
Event: 15.742 Thread 0x0000025073585ea0 Exception <a 'java/lang/NoSuchMethodError'{0x00000000868292f8}: 'void java.lang.invoke.Invokers$Holder.invokeExact_MT(java.lang.Object, java.lang.Object, java.lang.Object, java.lang.Object)'> (0x00000000868292f8) 
thrown [s\open\src\hotspot\share\interpreter\linkResolver.cpp, line 774]
Event: 15.872 Thread 0x0000025073585ea0 Exception <a 'java/lang/IncompatibleClassChangeError'{0x000000008645da88}: Found class java.lang.Object, but interface was expected> (0x000000008645da88) 
thrown [s\open\src\hotspot\share\interpreter\linkResolver.cpp, line 841]
Event: 15.976 Thread 0x0000025073585ea0 Exception <a 'java/lang/IncompatibleClassChangeError'{0x00000000863fbeb8}: Found class java.lang.Object, but interface was expected> (0x00000000863fbeb8) 
thrown [s\open\src\hotspot\share\interpreter\linkResolver.cpp, line 841]
Event: 16.226 Thread 0x0000025073585ea0 Exception <a 'java/lang/IncompatibleClassChangeError'{0x00000000856ddb38}: Found class java.lang.Object, but interface was expected> (0x00000000856ddb38) 
thrown [s\open\src\hotspot\share\interpreter\linkResolver.cpp, line 841]

VM Operations (20 events):
Event: 17.474 Executing VM operation: G1CollectForAllocation done
Event: 17.497 Executing VM operation: G1CollectForAllocation
Event: 17.501 Executing VM operation: G1CollectForAllocation done
Event: 17.988 Executing VM operation: G1CollectForAllocation
Event: 17.992 Executing VM operation: G1CollectForAllocation done
Event: 18.054 Executing VM operation: G1PauseRemark
Event: 18.057 Executing VM operation: G1PauseRemark done
Event: 18.080 Executing VM operation: G1CollectForAllocation
Event: 18.086 Executing VM operation: G1CollectForAllocation done
Event: 18.087 Executing VM operation: G1PauseCleanup
Event: 18.088 Executing VM operation: G1PauseCleanup done
Event: 18.236 Executing VM operation: G1CollectForAllocation
Event: 18.241 Executing VM operation: G1CollectForAllocation done
Event: 18.275 Executing VM operation: G1CollectForAllocation
Event: 18.282 Executing VM operation: G1CollectForAllocation done
Event: 18.988 Executing VM operation: G1CollectForAllocation
Event: 18.996 Executing VM operation: G1CollectForAllocation done
Event: 19.268 Executing VM operation: G1CollectForAllocation
Event: 19.278 Executing VM operation: G1CollectForAllocation done
Event: 19.595 Executing VM operation: G1CollectForAllocation

Events (20 events):
Event: 0.099 Thread 0x000002507fca29f0 Thread added: 0x000002507fca29f0
Event: 0.099 Thread 0x000002507fca7870 Thread added: 0x000002507fca7870
Event: 0.243 Thread 0x000002500a0eb2a0 Thread added: 0x000002500a0eb2a0
Event: 0.250 Thread 0x000002500a100ad0 Thread added: 0x000002500a100ad0
Event: 0.267 Thread 0x000002500a106940 Thread added: 0x000002500a106940
Event: 2.481 Thread 0x000002500a80f120 Thread added: 0x000002500a80f120
Event: 4.102 Thread 0x000002500a9b1700 Thread added: 0x000002500a9b1700
Event: 4.647 Thread 0x000002500aa60220 Thread added: 0x000002500aa60220
Event: 5.682 Thread 0x000002500a9b1700 Thread exited: 0x000002500a9b1700
Event: 6.097 Thread 0x000002500abb88c0 Thread added: 0x000002500abb88c0
Event: 6.198 Thread 0x000002500abb88c0 Thread exited: 0x000002500abb88c0
Event: 9.206 Thread 0x000002500a5c7040 Thread added: 0x000002500a5c7040
Event: 9.208 Thread 0x000002500b31c6f0 Thread added: 0x000002500b31c6f0
Event: 9.216 Thread 0x000002500b31cc30 Thread added: 0x000002500b31cc30
Event: 10.547 Thread 0x000002500b43b0f0 Thread added: 0x000002500b43b0f0
Event: 10.947 Thread 0x000002500b620050 Thread added: 0x000002500b620050
Event: 11.064 Thread 0x000002500b71d080 Thread added: 0x000002500b71d080
Event: 15.657 Thread 0x000002500b1b0700 Thread added: 0x000002500b1b0700
Event: 15.659 Thread 0x000002500b1b0700 Thread exited: 0x000002500b1b0700
Event: 16.455 Thread 0x000002500b71d080 Thread exited: 0x000002500b71d080


Dynamic libraries:
0x00007ff63fd80000 - 0x00007ff63fd90000 	C:\Program Files\Java\jdk-19\bin\java.exe
0x00007ff9e4d10000 - 0x00007ff9e4f27000 	C:\WINDOWS\SYSTEM32\ntdll.dll
0x00007ff9e35c0000 - 0x00007ff9e3684000 	C:\WINDOWS\System32\KERNEL32.DLL
0x00007ff9e2050000 - 0x00007ff9e2422000 	C:\WINDOWS\System32\KERNELBASE.dll
0x00007ff9e2880000 - 0x00007ff9e2991000 	C:\WINDOWS\System32\ucrtbase.dll
0x00007ff9c4760000 - 0x00007ff9c477b000 	C:\Program Files\Java\jdk-19\bin\VCRUNTIME140.dll
0x00007ff9cb1b0000 - 0x00007ff9cb1c8000 	C:\Program Files\Java\jdk-19\bin\jli.dll
0x00007ff9e3690000 - 0x00007ff9e3741000 	C:\WINDOWS\System32\ADVAPI32.dll
0x00007ff9e4c10000 - 0x00007ff9e4cb7000 	C:\WINDOWS\System32\msvcrt.dll
0x00007ff9e2e20000 - 0x00007ff9e2ec8000 	C:\WINDOWS\System32\sechost.dll
0x00007ff9e27a0000 - 0x00007ff9e27c8000 	C:\WINDOWS\System32\bcrypt.dll
0x00007ff9e4a20000 - 0x00007ff9e4b34000 	C:\WINDOWS\System32\RPCRT4.dll
0x00007ff9e4340000 - 0x00007ff9e44f1000 	C:\WINDOWS\System32\USER32.dll
0x00007ff9e2850000 - 0x00007ff9e2876000 	C:\WINDOWS\System32\win32u.dll
0x00007ff9e3750000 - 0x00007ff9e3779000 	C:\WINDOWS\System32\GDI32.dll
0x00007ff9e1f20000 - 0x00007ff9e2043000 	C:\WINDOWS\System32\gdi32full.dll
0x00007ff9e1e80000 - 0x00007ff9e1f1a000 	C:\WINDOWS\System32\msvcp_win.dll
0x00007ff9cd730000 - 0x00007ff9cd9cb000 	C:\WINDOWS\WinSxS\amd64_microsoft.windows.common-controls_6595b64144ccf1df_6.0.22621.5547_none_27104afb73855772\COMCTL32.dll
0x00007ff9d9560000 - 0x00007ff9d956a000 	C:\WINDOWS\SYSTEM32\VERSION.dll
0x00007ff9e3350000 - 0x00007ff9e3381000 	C:\WINDOWS\System32\IMM32.DLL
0x00007ff9d1840000 - 0x00007ff9d184c000 	C:\Program Files\Java\jdk-19\bin\vcruntime140_1.dll
0x00007ff9b1050000 - 0x00007ff9b10de000 	C:\Program Files\Java\jdk-19\bin\msvcp140.dll
0x00007ff92fdc0000 - 0x00007ff930a80000 	C:\Program Files\Java\jdk-19\bin\server\jvm.dll
0x00007ff9dc810000 - 0x00007ff9dc844000 	C:\WINDOWS\SYSTEM32\WINMM.dll
0x00007ff9b6610000 - 0x00007ff9b6619000 	C:\WINDOWS\SYSTEM32\WSOCK32.dll
0x00007ff9e29a0000 - 0x00007ff9e2a11000 	C:\WINDOWS\System32\WS2_32.dll
0x00007ff9e0df0000 - 0x00007ff9e0e08000 	C:\WINDOWS\SYSTEM32\kernel.appcore.dll
0x00007ff9d17c0000 - 0x00007ff9d17ca000 	C:\Program Files\Java\jdk-19\bin\jimage.dll
0x00007ff9df7e0000 - 0x00007ff9dfa13000 	C:\WINDOWS\SYSTEM32\DBGHELP.DLL
0x00007ff9e4660000 - 0x00007ff9e49f3000 	C:\WINDOWS\System32\combase.dll
0x00007ff9e3780000 - 0x00007ff9e3857000 	C:\WINDOWS\System32\OLEAUT32.dll
0x00007ff9cb360000 - 0x00007ff9cb392000 	C:\WINDOWS\SYSTEM32\dbgcore.DLL
0x00007ff9e27d0000 - 0x00007ff9e284b000 	C:\WINDOWS\System32\bcryptPrimitives.dll
0x00007ff9c2c80000 - 0x00007ff9c2ca6000 	C:\Program Files\Java\jdk-19\bin\java.dll
0x00007ff9904f0000 - 0x00007ff9905c7000 	C:\Program Files\Java\jdk-19\bin\jsvml.dll
0x00007ff9e3980000 - 0x00007ff9e4222000 	C:\WINDOWS\System32\SHELL32.dll
0x00007ff9e2430000 - 0x00007ff9e256f000 	C:\WINDOWS\System32\wintypes.dll
0x00007ff9dfce0000 - 0x00007ff9e05fd000 	C:\WINDOWS\SYSTEM32\windows.storage.dll
0x00007ff9e2bc0000 - 0x00007ff9e2ccc000 	C:\WINDOWS\System32\SHCORE.dll
0x00007ff9e4b40000 - 0x00007ff9e4ba9000 	C:\WINDOWS\System32\shlwapi.dll
0x00007ff9e1d30000 - 0x00007ff9e1d5b000 	C:\WINDOWS\SYSTEM32\profapi.dll
0x00007ff9c2dc0000 - 0x00007ff9c2dd3000 	C:\Program Files\Java\jdk-19\bin\net.dll
0x00007ff9dc4e0000 - 0x00007ff9dc60c000 	C:\WINDOWS\SYSTEM32\WINHTTP.dll
0x00007ff9e1270000 - 0x00007ff9e12d9000 	C:\WINDOWS\system32\mswsock.dll
0x00007ff9bfe90000 - 0x00007ff9bfea6000 	C:\Program Files\Java\jdk-19\bin\nio.dll
0x00007ff9bfe70000 - 0x00007ff9bfe88000 	C:\Program Files\Java\jdk-19\bin\zip.dll
0x00007ff9dd5d0000 - 0x00007ff9dd5de000 	C:\Program Files\Java\jdk-19\bin\sunmscapi.dll
0x00007ff9e2570000 - 0x00007ff9e26d7000 	C:\WINDOWS\System32\CRYPT32.dll
0x00007ff9e16c0000 - 0x00007ff9e16ed000 	C:\WINDOWS\SYSTEM32\ncrypt.dll
0x00007ff9e1680000 - 0x00007ff9e16b7000 	C:\WINDOWS\SYSTEM32\NTASN1.dll
0x00007ff9e14a0000 - 0x00007ff9e14bb000 	C:\WINDOWS\SYSTEM32\CRYPTSP.dll
0x00007ff9e0d50000 - 0x00007ff9e0d87000 	C:\WINDOWS\system32\rsaenh.dll
0x00007ff9e1330000 - 0x00007ff9e1358000 	C:\WINDOWS\SYSTEM32\USERENV.dll
0x00007ff9e1490000 - 0x00007ff9e149c000 	C:\WINDOWS\SYSTEM32\CRYPTBASE.dll
0x00007ff9e0860000 - 0x00007ff9e088d000 	C:\WINDOWS\SYSTEM32\IPHLPAPI.DLL
0x00007ff9e3390000 - 0x00007ff9e3399000 	C:\WINDOWS\System32\NSI.dll
0x00007ff9dc4a0000 - 0x00007ff9dc4b9000 	C:\WINDOWS\SYSTEM32\dhcpcsvc6.DLL
0x00007ff9dc430000 - 0x00007ff9dc44f000 	C:\WINDOWS\SYSTEM32\dhcpcsvc.DLL
0x00007ff9e08d0000 - 0x00007ff9e09c8000 	C:\WINDOWS\SYSTEM32\DNSAPI.dll
0x00007ff9d1860000 - 0x00007ff9d186a000 	C:\Program Files\Java\jdk-19\bin\management.dll
0x00007ff9d1850000 - 0x00007ff9d185b000 	C:\Program Files\Java\jdk-19\bin\management_ext.dll
0x00007ff9e4cc0000 - 0x00007ff9e4cc8000 	C:\WINDOWS\System32\PSAPI.DLL
0x00007ff9d1580000 - 0x00007ff9d1590000 	C:\Program Files\Java\jdk-19\bin\verify.dll

dbghelp: loaded successfully - version: 4.0.5 - missing functions: none
symbol engine: initialized successfully - sym options: 0x614 - pdb path: .;C:\Program Files\Java\jdk-19\bin;C:\WINDOWS\SYSTEM32;C:\WINDOWS\WinSxS\amd64_microsoft.windows.common-controls_6595b64144ccf1df_6.0.22621.5547_none_27104afb73855772;C:\Program Files\Java\jdk-19\bin\server

VM Arguments:
jvm_args: -XX:TieredStopAtLevel=1 
java_command: com.retail_management.RetailManagementSystemApplication
java_class_path (initial): C:\Users\shiwa\Desktop\retail-management\retail-management\target\classes;C:\Users\shiwa\.m2\repository\org\springframework\boot\spring-boot\3.5.3\spring-boot-3.5.3.jar;C:\Users\shiwa\.m2\repository\org\springframework\boot\spring-boot-autoconfigure\3.5.3\spring-boot-autoconfigure-3.5.3.jar;C:\Users\shiwa\.m2\repository\ch\qos\logback\logback-classic\1.5.18\logback-classic-1.5.18.jar;C:\Users\shiwa\.m2\repository\ch\qos\logback\logback-core\1.5.18\logback-core-1.5.18.jar;C:\Users\shiwa\.m2\repository\org\apache\logging\log4j\log4j-to-slf4j\2.24.3\log4j-to-slf4j-2.24.3.jar;C:\Users\shiwa\.m2\repository\org\apache\logging\log4j\log4j-api\2.24.3\log4j-api-2.24.3.jar;C:\Users\shiwa\.m2\repository\org\slf4j\jul-to-slf4j\2.0.17\jul-to-slf4j-2.0.17.jar;C:\Users\shiwa\.m2\repository\jakarta\annotation\jakarta.annotation-api\2.1.1\jakarta.annotation-api-2.1.1.jar;C:\Users\shiwa\.m2\repository\org\yaml\snakeyaml\2.4\snakeyaml-2.4.jar;C:\Users\shiwa\.m2\repository\com\zaxxer\HikariCP\6.3.0\HikariCP-6.3.0.jar;C:\Users\shiwa\.m2\repository\org\springframework\spring-jdbc\6.2.8\spring-jdbc-6.2.8.jar;C:\Users\shiwa\.m2\repository\org\hibernate\orm\hibernate-core\6.6.18.Final\hibernate-core-6.6.18.Final.jar;C:\Users\shiwa\.m2\repository\jakarta\persistence\jakarta.persistence-api\3.1.0\jakarta.persistence-api-3.1.0.jar;C:\Users\shiwa\.m2\repository\jakarta\transaction\jakarta.transaction-api\2.0.1\jakarta.transaction-api-2.0.1.jar;C:\Users\shiwa\.m2\repository\org\jboss\logging\jboss-logging\3.6.1.Final\jboss-logging-3.6.1.Final.jar;C:\Users\shiwa\.m2\repository\org\hibernate\common\hibernate-commons-annotations\7.0.3.Final\hibernate-commons-annotations-7.0.3.Final.jar;C:\Users\shiwa\.m2\repository\io\smallrye\jandex\3.2.0\jandex-3.2.0.jar;C:\Users\shiwa\.m2\repository\com\fasterxml\classmate\1.7.0\classmate-1.7.0.jar;C:\Users\shiwa\.m2\repository\net\bytebuddy\byte-buddy\1.17.6\byte-buddy-1.17.6.jar;C:\Users\shiwa\.m2\repository\org\glassfish\jaxb\jaxb-runtime\4.0.5\jaxb-runtime-4.0.5.jar;C:\Users\shiwa\.m2\repository\org\glassfish\jaxb\jaxb-core\4.0.5\jaxb-core-4.0.5.jar;C:\Users\shiwa\.m2\repository\org\eclipse\angus\angus-activation\2.0.2\angus-activation-2.0.2.jar;C:\Users\shiwa\.m2\repository\org\glassfish\jaxb\txw2\4.0.5\txw2-4.0.5.jar;C:\Users\shiwa\.m2\repository\com\sun\istack\istack-commons-runtime\4.1.2\istack-commons-runtime-4.1.2.jar;C:\Users\shiwa\.m2\repository\jakarta\inject\jakarta.inject-api\2.0.1\jakarta.inject-api-2.0.1.jar;C:\Users\shiwa\.m2\repository\org\antlr\antlr4-runtime\4.13.0\antlr4-runtime-4.13.0.jar;C:\Users\shiwa\.m2\repository\org\springframework\data\spring-data-jpa\3.5.1\spring-data-jpa-3.5.1.jar;C:\Users\shiwa\.m2\repository\org\springframework\data\spring-data-commons\3.5.1\spring-data-commons-3.5.1.jar;C:\Users\shiwa\.m2\repository\org\springframework\spring-orm\6.2.8\spring-orm-6.2.8.jar;C:\Users\shiwa\.m2\repository\org\springframework\spring-context\6.2.8\spring-context-6.2.8.jar;C:\Users\shiwa\.m2\repository\org\springframework\spring-aop\6.2.8\spring-aop-6.2.8.jar;C:\Users\shiwa\.m2\repository\org\springframework\spring-tx\6.2.8\spring-tx-6.2.8.jar;C:\Users\shiwa\.m2\repository\org\springframework\spring-beans\6.2.8\spring-beans-6.2.8.jar;C:\Users\shiwa\.m2\repository\org\slf4j\slf4j-api\2.0.17\slf4j-api-2.0.17.jar;C:\Users\shiwa\.m2\repository\org\springframework\spring-aspects\6.2.8\spring-aspects-6.2.8.jar;C:\Users\shiwa\.m2\repository\org\aspectj\aspectjweaver\1.9.24\aspectjweaver-1.9.24.jar;C:\Users\shiwa\.m2\repository\com\fasterxml\jackson\core\jackson-databind\2.19.1\jackson-databind-2.19.1.jar;C:\Users\shiwa\.m2\repository\com\fasterxml\jackson\core\jackson-annotations\2.19.1\jackson-annotations-2.19.1.jar;C:\Users\shiwa\.m2\repository\com\fasterxml\jackson\core\jackson-core\2.19.1\jackson-core-2.19.1.jar;C:\Users\shiwa\.m2\repository\com\fasterxml\jackson\datatype\jackson-datatype-jdk8\2.19.1\jackson-datatype-jdk8-2.19.1.jar;C:\Users\shiwa\.m2\repository\com\fasterxml\jackson\datatype\jackson-datatype-jsr310\2.19.1\jackson-datatype-jsr310-2.19.1.jar;C:\Users\shiwa\.m2\repository\com\fasterxml\jackson\module\jackson-module-parameter-names\2.19.1\jackson-module-parameter-names-2.19.1.jar;C:\Users\shiwa\.m2\repository\org\apache\tomcat\embed\tomcat-embed-core\10.1.42\tomcat-embed-core-10.1.42.jar;C:\Users\shiwa\.m2\repository\org\apache\tomcat\embed\tomcat-embed-el\10.1.42\tomcat-embed-el-10.1.42.jar;C:\Users\shiwa\.m2\repository\org\apache\tomcat\embed\tomcat-embed-websocket\10.1.42\tomcat-embed-websocket-10.1.42.jar;C:\Users\shiwa\.m2\repository\org\springframework\spring-web\6.2.8\spring-web-6.2.8.jar;C:\Users\shiwa\.m2\repository\io\micrometer\micrometer-observation\1.15.1\micrometer-observation-1.15.1.jar;C:\Users\shiwa\.m2\repository\io\micrometer\micrometer-commons\1.15.1\micrometer-commons-1.15.1.jar;C:\Users\shiwa\.m2\repository\org\springframework\spring-webmvc\6.2.8\spring-webmvc-6.2.8.jar;C:\Users\shiwa\.m2\repository\org\springframework\spring-expression\6.2.8\spring-expression-6.2.8.jar;C:\Users\shiwa\.m2\repository\com\mysql\mysql-connector-j\9.2.0\mysql-connector-j-9.2.0.jar;C:\Users\shiwa\.m2\repository\com\h2database\h2\2.3.232\h2-2.3.232.jar;C:\Users\shiwa\.m2\repository\jakarta\xml\bind\jakarta.xml.bind-api\4.0.2\jakarta.xml.bind-api-4.0.2.jar;C:\Users\shiwa\.m2\repository\jakarta\activation\jakarta.activation-api\2.1.3\jakarta.activation-api-2.1.3.jar;C:\Users\shiwa\.m2\repository\org\springframework\spring-core\6.2.8\spring-core-6.2.8.jar;C:\Users\shiwa\.m2\repository\org\springframework\spring-jcl\6.2.8\spring-jcl-6.2.8.jar
Launcher Type: SUN_STANDARD

[Global flags]
     intx CICompilerCount                          = 4                                         {product} {ergonomic}
     uint ConcGCThreads                            = 2                                         {product} {ergonomic}
     uint G1ConcRefinementThreads                  = 8                                         {product} {ergonomic}
   size_t G1HeapRegionSize                         = 1048576                                   {product} {ergonomic}
    uintx GCDrainStackTargetSize                   = 64                                        {product} {ergonomic}
   size_t InitialHeapSize                          = 132120576                                 {product} {ergonomic}
   size_t MarkStackSize                            = 4194304                                   {product} {ergonomic}
   size_t MaxHeapSize                              = 2103443456                                {product} {ergonomic}
   size_t MaxNewSize                               = 1261436928                                {product} {ergonomic}
   size_t MinHeapDeltaBytes                        = 1048576                                   {product} {ergonomic}
   size_t MinHeapSize                              = 8388608                                   {product} {ergonomic}
    uintx NonProfiledCodeHeapSize                  = 0                                      {pd product} {ergonomic}
     bool ProfileInterpreter                       = false                                  {pd product} {command line}
    uintx ProfiledCodeHeapSize                     = 0                                      {pd product} {ergonomic}
   size_t SoftMaxHeapSize                          = 2103443456                             {manageable} {ergonomic}
     intx TieredStopAtLevel                        = 1                                         {product} {command line}
     bool UseCompressedClassPointers               = true                           {product lp64_product} {ergonomic}
     bool UseCompressedOops                        = true                           {product lp64_product} {ergonomic}
     bool UseG1GC                                  = true                                      {product} {ergonomic}
     bool UseLargePagesIndividualAllocation        = false                                  {pd product} {ergonomic}

Logging:
Log output configuration:
 #0: stdout all=warning uptime,level,tags foldmultilines=false
 #1: stderr all=off uptime,level,tags foldmultilines=false

Environment Variables:
JAVA_HOME=C:\Program Files\Java\jdk-19
PATH=C:\Python313\Scripts\;C:\Python313\;C:\app\shiwa\product\21c\dbhomeXE\bin;C:\Program Files\Common Files\Oracle\Java\javapath;C:\Program Files\Python310\Scripts\;C:\Program Files\Python310\;C:\Program Files (x86)\VMware\VMware Workstation\bin\;C:\WINDOWS\system32;C:\WINDOWS;C:\WINDOWS\System32\Wbem;C:\WINDOWS\System32\WindowsPowerShell\v1.0\;C:\WINDOWS\System32\OpenSSH\;C:\Program Files\MySQL\MySQL Server 8.0\bin;C:\Program Files\Java\jdk-19\bin;C:\Program Files\MySQL\MySQL Server 8.0\bin;C:\Program Files\Git\cmd;C:\Program Files\nodejs\;C:\ProgramData\chocolatey\bin;C:\Program Files\MongoDB\Server\7.0\bin;C:\Program Files\Java\jdk-19\bin;C:\Program Files (x86)\Microsoft SQL Server\160\Tools\Binn\;C:\Program Files\Microsoft SQL Server\160\Tools\Binn\;C:\Program Files\Microsoft SQL Server\Client SDK\ODBC\170\Tools\Binn\;C:\Program Files\Microsoft SQL Server\160\DTS\Binn\;C:\Program Files\Java\jdk-17\bin;C:\Users\shiwa\Downloads\apache-maven-3.9.11-bin\apache-maven-3.9.11\bin;C:\Program Files\MySQL\MySQL Shell 8.0\bin\;C:\Users\shiwa\AppData\Local\Microsoft\WindowsApps;C:\Users\shiwa\AppData\Local\Programs\Microsoft VS Code\bin;C:\Program Files\JetBrains\IntelliJ IDEA Community Edition 2022.3.2\bin;;C:\Users\shiwa\AppData\Roaming\Python\Python310\Scripts;C:\Users\shiwa\AppData\Local\GitHubDesktop\bin;C:\Users\shiwa\AppData\Local\Microsoft\WinGet\Packages\Schniz.fnm_Microsoft.Winget.Source_8wekyb3d8bbwe;C:\MinGW\bin;C:\Users\shiwa\AppData\Roaming\npm;C:\Users\shiwa\AppData\Local\Programs\cursor\resources\app\bin
USERNAME=shiwa
LANG=en_US.UTF-8
OS=Windows_NT
PROCESSOR_IDENTIFIER=Intel64 Family 6 Model 142 Stepping 12, GenuineIntel
TMP=C:\Users\shiwa\AppData\Local\Temp
TEMP=C:\Users\shiwa\AppData\Local\Temp



---------------  S Y S T E M  ---------------

OS:
 Windows 11 , 64 bit Build 22621 (10.0.22621.5415)
OS uptime: 6 days 22:44 hours
Hyper-V role detected

CPU: total 8 (initial active 8) (4 cores per cpu, 2 threads per core) family 6 model 142 stepping 12 microcode 0xde, cx8, cmov, fxsr, ht, mmx, 3dnowpref, sse, sse2, sse3, ssse3, sse4.1, sse4.2, popcnt, lzcnt, tsc, tscinvbit, avx, avx2, aes, erms, clmul, bmi1, bmi2, adx, fma, vzeroupper, clflush, clflushopt, hv, rdtscp

Memory: 4k page, system-wide physical 8016M (413M free)
TotalPageFile size 32592M (AvailPageFile size 44M)
current process WorkingSet (physical memory assigned to process): 279M, peak: 279M
current process commit charge ("private bytes"): 321M, peak: 407M

vm_info: Java HotSpot(TM) 64-Bit Server VM (19.0.2+7-44) for windows-amd64 JRE (19.0.2+7-44), built on 2022-11-30T18:02:09Z by "mach5one" with MS VC++ 17.1 (VS2022)

END.
